<?xml version="1.0" encoding="UTF-8"?>
<!-- Generated by org.testng.reporters.JUnitXMLReporter -->
<testsuite ignored="0" hostname="DESKTOP-1BE8FBH" failures="0" tests="12" name="Default test" time="41.752" errors="0" timestamp="2026-02-13T19:56:31 IST">
  <testcase classname="api.test.DataDrivenTest" name="postTestDD" time="9.479"/>
  <testcase classname="api.test.DataDrivenTest" name="postTestDD" time="1.477"/>
  <testcase classname="api.test.DataDrivenTest" name="postTestDD" time="1.508"/>
  <testcase classname="api.test.DataDrivenTest" name="postTestDD" time="3.242"/>
  <testcase classname="api.test.DataDrivenTest" name="getTestDD" time="1.73"/>
  <testcase classname="api.test.DataDrivenTest" name="getTestDD" time="2.978"/>
  <testcase classname="api.test.DataDrivenTest" name="getTestDD" time="1.472"/>
  <testcase classname="api.test.DataDrivenTest" name="getTestDD" time="1.444"/>
  <testcase classname="api.test.DataDrivenTest" name="deleteTestDD" time="1.429"/>
  <testcase classname="api.test.DataDrivenTest" name="deleteTestDD" time="2.938"/>
  <testcase classname="api.test.DataDrivenTest" name="deleteTestDD" time="2.229"/>
  <testcase classname="api.test.DataDrivenTest" name="deleteTestDD" time="1.476"/>
</testsuite> <!-- Default test -->
