<?xml version="1.0" encoding="UTF-8"?>
<!-- Generated by org.testng.reporters.JUnitXMLReporter -->
<testsuite ignored="0" hostname="DESKTOP-1BE8FBH" failures="0" tests="12" name="Default test" time="35.317" errors="0" timestamp="2026-01-18T19:48:56 IST">
  <testcase classname="api.test.DataDrivenTest" name="postTestDD" time="9.268"/>
  <testcase classname="api.test.DataDrivenTest" name="postTestDD" time="1.541"/>
  <testcase classname="api.test.DataDrivenTest" name="postTestDD" time="1.592"/>
  <testcase classname="api.test.DataDrivenTest" name="postTestDD" time="1.505"/>
  <testcase classname="api.test.DataDrivenTest" name="getTestDD" time="1.627"/>
  <testcase classname="api.test.DataDrivenTest" name="getTestDD" time="1.472"/>
  <testcase classname="api.test.DataDrivenTest" name="getTestDD" time="1.649"/>
  <testcase classname="api.test.DataDrivenTest" name="getTestDD" time="1.421"/>
  <testcase classname="api.test.DataDrivenTest" name="deleteTestDD" time="1.618"/>
  <testcase classname="api.test.DataDrivenTest" name="deleteTestDD" time="1.482"/>
  <testcase classname="api.test.DataDrivenTest" name="deleteTestDD" time="1.523"/>
  <testcase classname="api.test.DataDrivenTest" name="deleteTestDD" time="1.516"/>
</testsuite> <!-- Default test -->
