<?xml version="1.0" encoding="UTF-8"?>
<!-- Generated by org.testng.reporters.JUnitXMLReporter -->
<testsuite ignored="0" hostname="DESKTOP-1BE8FBH" failures="0" tests="4" name="Test" time="27.168" errors="0" timestamp="2026-01-19T11:55:03 IST">
  <testcase classname="api.test.TestUser" name="testPostUser" time="12.21"/>
  <testcase classname="api.test.TestUser" name="testGetUser" time="3.464"/>
  <testcase classname="api.test.TestUser" name="testPutUser" time="5.047"/>
  <testcase classname="api.test.TestUser" name="testDeleteUser" time="2.007"/>
</testsuite> <!-- Test -->
