<?xml version="1.0" encoding="UTF-8"?>
<!-- Generated by org.testng.reporters.JUnitXMLReporter -->
<testsuite ignored="0" hostname="DESKTOP-1BE8FBH" failures="0" tests="4" name="Test" time="23.836" errors="0" timestamp="2026-01-24T17:23:09 IST">
  <testcase classname="api.test.TestUser" name="testPostUser" time="14.607"/>
  <testcase classname="api.test.TestUser" name="testGetUser" time="1.801"/>
  <testcase classname="api.test.TestUser" name="testPutUser" time="3.183"/>
  <testcase classname="api.test.TestUser" name="testDeleteUser" time="1.551"/>
</testsuite> <!-- Test -->
