<?xml version="1.0" encoding="UTF-8"?>
<testsuite xmlns:xsi="http://www.w3.org/2001/XMLSchema-instance" xsi:noNamespaceSchemaLocation="https://maven.apache.org/surefire/maven-surefire-plugin/xsd/surefire-test-report.xsd" version="3.0.2" name="TestSuite" time="27.955" tests="4" errors="0" skipped="0" failures="0">
  <properties>
[...]
</properties>
  <testcase name="testPostUser" classname="api.test.TestUser" time="14.797">
    <system-out><![CDATA[17:22:46.583 [main] INFO  api.test.TestUser - **********Post testcase started*******************
HTTP/1.1 200 OK
Date: Sat, 24 Jan 2026 11:53:01 GMT
Content-Type: application/json
Transfer-Encoding: chunked
Connection: keep-alive
Access-Control-Allow-Origin: *
Access-Control-Allow-Methods: GET, POST, DELETE, PUT
Access-Control-Allow-Headers: Content-Type, api_key, Authorization
Server: Jetty(9.2.9.v20150224)

{
    "code": 200,
    "type": "unknown",
    "message": "1267149311"
}
17:23:01.168 [main] INFO  api.test.TestUser - **********Post testcase ended*******************
]]></system-out>
    <system-err><![CDATA[SLF4J(W): No SLF4J providers were found.
SLF4J(W): Defaulting to no-operation (NOP) logger implementation
SLF4J(W): See https://www.slf4j.org/codes.html#noProviders for further details.
SLF4J(W): Class path contains SLF4J bindings targeting slf4j-api versions 1.7.x or earlier.
SLF4J(W): Ignoring binding found at [jar:file:/C:/Users/Admin/.m2/repository/org/apache/logging/log4j/log4j-slf4j-impl/2.3.2/log4j-slf4j-impl-2.3.2.jar!/org/slf4j/impl/StaticLoggerBinder.class]
SLF4J(W): See https://www.slf4j.org/codes.html#ignoredBindings for an explanation.
]]></system-err>
  </testcase>
  <testcase name="testGetUser" classname="api.test.TestUser" time="1.822">
    <system-out><![CDATA[17:23:01.239 [main] INFO  api.test.TestUser - **********Get testcase started*******************
HTTP/1.1 200 OK
Date: Sat, 24 Jan 2026 11:53:03 GMT
Content-Type: application/json
Transfer-Encoding: chunked
Connection: keep-alive
Access-Control-Allow-Origin: *
Access-Control-Allow-Methods: GET, POST, DELETE, PUT
Access-Control-Allow-Headers: Content-Type, api_key, Authorization
Server: Jetty(9.2.9.v20150224)

{
    "id": 1267149311,
    "username": "inger.zieme",
    "firstName": "Julie",
    "lastName": "Olson",
    "email": "viviana.wisozk@hotmail.com",
    "password": "1rbgn9o0qvr51zg",
    "phone": "(917) 523-5958",
    "userStatus": 0
}
17:23:03.036 [main] INFO  api.test.TestUser - **********Get testcase ended*******************
]]></system-out>
  </testcase>
  <testcase name="testPutUser" classname="api.test.TestUser" time="3.23">
    <system-out><![CDATA[17:23:03.108 [main] INFO  api.test.TestUser - **********Put testcase started*******************
HTTP/1.1 200 OK
Date: Sat, 24 Jan 2026 11:53:05 GMT
Content-Type: application/json
Transfer-Encoding: chunked
Connection: keep-alive
Access-Control-Allow-Origin: *
Access-Control-Allow-Methods: GET, POST, DELETE, PUT
Access-Control-Allow-Headers: Content-Type, api_key, Authorization
Server: Jetty(9.2.9.v20150224)

{
    "code": 200,
    "type": "unknown",
    "message": "1267149311"
}
{
    "id": 1267149311,
    "username": "inger.zieme",
    "firstName": "Kraig",
    "lastName": "Mraz",
    "email": "shane.ruecker@hotmail.com",
    "password": "ljifcnmrmg",
    "phone": "(917) 523-5958",
    "userStatus": 0
}
17:23:06.232 [main] INFO  api.test.TestUser - **********Put testcase ended*******************
]]></system-out>
  </testcase>
  <testcase name="testDeleteUser" classname="api.test.TestUser" time="1.44">
    <system-out><![CDATA[17:23:06.249 [main] INFO  api.test.TestUser - **********Delete testcase started*******************
HTTP/1.1 200 OK
Date: Sat, 24 Jan 2026 11:53:08 GMT
Content-Type: application/json
Transfer-Encoding: chunked
Connection: keep-alive
Access-Control-Allow-Origin: *
Access-Control-Allow-Methods: GET, POST, DELETE, PUT
Access-Control-Allow-Headers: Content-Type, api_key, Authorization
Server: Jetty(9.2.9.v20150224)

{
    "code": 200,
    "type": "unknown",
    "message": "inger.zieme"
}
17:23:07.798 [main] INFO  api.test.TestUser - **********Delete testcase ended*******************
]]></system-out>
  </testcase>
</testsuite>