<?xml version="1.0" encoding="UTF-8"?>
<testng-results ignored="0" total="4" passed="4" failed="0" skipped="0">
  <reporter-output>
  </reporter-output>
  <suite started-at="2026-01-24T17:22:43 IST" name="Suite" finished-at="2026-01-24T17:23:07 IST" duration-ms="23836">
    <groups>
    </groups>
    <test started-at="2026-01-24T17:22:43 IST" name="Test" finished-at="2026-01-24T17:23:07 IST" duration-ms="23836">
      <class name="api.test.TestUser">
        <test-method is-config="true" signature="setupdata()[pri:0, instance:api.test.TestUser@4386f16]" started-at="2026-01-24T17:22:44 IST" name="setupdata" finished-at="2026-01-24T17:22:46 IST" duration-ms="1728" status="PASS">
          <reporter-output>
          </reporter-output>
        </test-method> <!-- setupdata -->
        <test-method signature="testPostUser()[pri:1, instance:api.test.TestUser@4386f16]" started-at="2026-01-24T17:22:46 IST" name="testPostUser" finished-at="2026-01-24T17:23:01 IST" duration-ms="14607" status="PASS">
          <reporter-output>
          </reporter-output>
        </test-method> <!-- testPostUser -->
        <test-method signature="testGetUser()[pri:2, instance:api.test.TestUser@4386f16]" started-at="2026-01-24T17:23:01 IST" name="testGetUser" finished-at="2026-01-24T17:23:03 IST" duration-ms="1801" status="PASS">
          <reporter-output>
          </reporter-output>
        </test-method> <!-- testGetUser -->
        <test-method signature="testPutUser()[pri:3, instance:api.test.TestUser@4386f16]" started-at="2026-01-24T17:23:03 IST" name="testPutUser" finished-at="2026-01-24T17:23:06 IST" duration-ms="3183" status="PASS">
          <reporter-output>
          </reporter-output>
        </test-method> <!-- testPutUser -->
        <test-method signature="testDeleteUser()[pri:4, instance:api.test.TestUser@4386f16]" started-at="2026-01-24T17:23:06 IST" name="testDeleteUser" finished-at="2026-01-24T17:23:07 IST" duration-ms="1551" status="PASS">
          <reporter-output>
          </reporter-output>
        </test-method> <!-- testDeleteUser -->
      </class> <!-- api.test.TestUser -->
    </test> <!-- Test -->
  </suite> <!-- Suite -->
</testng-results>
