<?xml version="1.0" encoding="UTF-8"?>
<testng-results ignored="0" total="12" passed="12" failed="0" skipped="0">
  <reporter-output>
  </reporter-output>
  <suite started-at="2026-02-13T19:55:49 IST" name="Default suite" finished-at="2026-02-13T19:56:31 IST" duration-ms="41752">
    <groups>
    </groups>
    <test started-at="2026-02-13T19:55:49 IST" name="Default test" finished-at="2026-02-13T19:56:31 IST" duration-ms="41752">
      <class name="api.test.DataDrivenTest">
        <test-method signature="postTestDD(java.lang.String,java.lang.String,java.lang.String,java.lang.String,java.lang.String,java.lang.String,java.lang.String)[pri:1, instance:api.test.DataDrivenTest@30c15d8b]" started-at="2026-02-13T19:55:57 IST" name="postTestDD" data-provider="allData" finished-at="2026-02-13T19:56:07 IST" duration-ms="9479" status="PASS">
          <params>
            <param index="0">
              <value>
                <![CDATA[1001]]>
              </value>
            </param>
            <param index="1">
              <value>
                <![CDATA[Suresh]]>
              </value>
            </param>
            <param index="2">
              <value>
                <![CDATA[Suresh]]>
              </value>
            </param>
            <param index="3">
              <value>
                <![CDATA[Bajaj]]>
              </value>
            </param>
            <param index="4">
              <value>
                <![CDATA[suresh@gmail.com]]>
              </value>
            </param>
            <param index="5">
              <value>
                <![CDATA[suresh123]]>
              </value>
            </param>
            <param index="6">
              <value>
                <![CDATA[1234534]]>
              </value>
            </param>
          </params>
          <reporter-output>
          </reporter-output>
        </test-method> <!-- postTestDD -->
        <test-method signature="postTestDD(java.lang.String,java.lang.String,java.lang.String,java.lang.String,java.lang.String,java.lang.String,java.lang.String)[pri:1, instance:api.test.DataDrivenTest@30c15d8b]" started-at="2026-02-13T19:56:07 IST" name="postTestDD" data-provider="allData" finished-at="2026-02-13T19:56:08 IST" duration-ms="1477" status="PASS">
          <params>
            <param index="0">
              <value>
                <![CDATA[1002]]>
              </value>
            </param>
            <param index="1">
              <value>
                <![CDATA[Mahesh]]>
              </value>
            </param>
            <param index="2">
              <value>
                <![CDATA[Mahesh]]>
              </value>
            </param>
            <param index="3">
              <value>
                <![CDATA[Honda]]>
              </value>
            </param>
            <param index="4">
              <value>
                <![CDATA[mahesh123gmail.com]]>
              </value>
            </param>
            <param index="5">
              <value>
                <![CDATA[mahesh123]]>
              </value>
            </param>
            <param index="6">
              <value>
                <![CDATA[23456785]]>
              </value>
            </param>
          </params>
          <reporter-output>
          </reporter-output>
        </test-method> <!-- postTestDD -->
        <test-method signature="postTestDD(java.lang.String,java.lang.String,java.lang.String,java.lang.String,java.lang.String,java.lang.String,java.lang.String)[pri:1, instance:api.test.DataDrivenTest@30c15d8b]" started-at="2026-02-13T19:56:08 IST" name="postTestDD" data-provider="allData" finished-at="2026-02-13T19:56:10 IST" duration-ms="1508" status="PASS">
          <params>
            <param index="0">
              <value>
                <![CDATA[1003]]>
              </value>
            </param>
            <param index="1">
              <value>
                <![CDATA[Rajesh]]>
              </value>
            </param>
            <param index="2">
              <value>
                <![CDATA[Rajesh]]>
              </value>
            </param>
            <param index="3">
              <value>
                <![CDATA[Maruti]]>
              </value>
            </param>
            <param index="4">
              <value>
                <![CDATA[rajesh@gmail.com]]>
              </value>
            </param>
            <param index="5">
              <value>
                <![CDATA[rajesh123]]>
              </value>
            </param>
            <param index="6">
              <value>
                <![CDATA[2345678]]>
              </value>
            </param>
          </params>
          <reporter-output>
          </reporter-output>
        </test-method> <!-- postTestDD -->
        <test-method signature="postTestDD(java.lang.String,java.lang.String,java.lang.String,java.lang.String,java.lang.String,java.lang.String,java.lang.String)[pri:1, instance:api.test.DataDrivenTest@30c15d8b]" started-at="2026-02-13T19:56:10 IST" name="postTestDD" data-provider="allData" finished-at="2026-02-13T19:56:13 IST" duration-ms="3242" status="PASS">
          <params>
            <param index="0">
              <value>
                <![CDATA[1004]]>
              </value>
            </param>
            <param index="1">
              <value>
                <![CDATA[Murgesh]]>
              </value>
            </param>
            <param index="2">
              <value>
                <![CDATA[Murgesh]]>
              </value>
            </param>
            <param index="3">
              <value>
                <![CDATA[Suzuki]]>
              </value>
            </param>
            <param index="4">
              <value>
                <![CDATA[murgesh@gmail.com]]>
              </value>
            </param>
            <param index="5">
              <value>
                <![CDATA[murgesh@123]]>
              </value>
            </param>
            <param index="6">
              <value>
                <![CDATA[234567]]>
              </value>
            </param>
          </params>
          <reporter-output>
          </reporter-output>
        </test-method> <!-- postTestDD -->
        <test-method signature="getTestDD(java.lang.String)[pri:2, instance:api.test.DataDrivenTest@30c15d8b]" started-at="2026-02-13T19:56:14 IST" name="getTestDD" data-provider="userName" finished-at="2026-02-13T19:56:16 IST" duration-ms="1730" status="PASS">
          <params>
            <param index="0">
              <value>
                <![CDATA[Suresh]]>
              </value>
            </param>
          </params>
          <reporter-output>
          </reporter-output>
        </test-method> <!-- getTestDD -->
        <test-method signature="getTestDD(java.lang.String)[pri:2, instance:api.test.DataDrivenTest@30c15d8b]" started-at="2026-02-13T19:56:16 IST" name="getTestDD" data-provider="userName" finished-at="2026-02-13T19:56:19 IST" duration-ms="2978" status="PASS">
          <params>
            <param index="0">
              <value>
                <![CDATA[Mahesh]]>
              </value>
            </param>
          </params>
          <reporter-output>
          </reporter-output>
        </test-method> <!-- getTestDD -->
        <test-method signature="getTestDD(java.lang.String)[pri:2, instance:api.test.DataDrivenTest@30c15d8b]" started-at="2026-02-13T19:56:19 IST" name="getTestDD" data-provider="userName" finished-at="2026-02-13T19:56:21 IST" duration-ms="1472" status="PASS">
          <params>
            <param index="0">
              <value>
                <![CDATA[Rajesh]]>
              </value>
            </param>
          </params>
          <reporter-output>
          </reporter-output>
        </test-method> <!-- getTestDD -->
        <test-method signature="getTestDD(java.lang.String)[pri:2, instance:api.test.DataDrivenTest@30c15d8b]" started-at="2026-02-13T19:56:21 IST" name="getTestDD" data-provider="userName" finished-at="2026-02-13T19:56:22 IST" duration-ms="1444" status="PASS">
          <params>
            <param index="0">
              <value>
                <![CDATA[Murgesh]]>
              </value>
            </param>
          </params>
          <reporter-output>
          </reporter-output>
        </test-method> <!-- getTestDD -->
        <test-method signature="deleteTestDD(java.lang.String)[pri:3, instance:api.test.DataDrivenTest@30c15d8b]" started-at="2026-02-13T19:56:22 IST" name="deleteTestDD" data-provider="userName" finished-at="2026-02-13T19:56:24 IST" duration-ms="1429" status="PASS">
          <params>
            <param index="0">
              <value>
                <![CDATA[Suresh]]>
              </value>
            </param>
          </params>
          <reporter-output>
          </reporter-output>
        </test-method> <!-- deleteTestDD -->
        <test-method signature="deleteTestDD(java.lang.String)[pri:3, instance:api.test.DataDrivenTest@30c15d8b]" started-at="2026-02-13T19:56:24 IST" name="deleteTestDD" data-provider="userName" finished-at="2026-02-13T19:56:27 IST" duration-ms="2938" status="PASS">
          <params>
            <param index="0">
              <value>
                <![CDATA[Mahesh]]>
              </value>
            </param>
          </params>
          <reporter-output>
          </reporter-output>
        </test-method> <!-- deleteTestDD -->
        <test-method signature="deleteTestDD(java.lang.String)[pri:3, instance:api.test.DataDrivenTest@30c15d8b]" started-at="2026-02-13T19:56:27 IST" name="deleteTestDD" data-provider="userName" finished-at="2026-02-13T19:56:29 IST" duration-ms="2229" status="PASS">
          <params>
            <param index="0">
              <value>
                <![CDATA[Rajesh]]>
              </value>
            </param>
          </params>
          <reporter-output>
          </reporter-output>
        </test-method> <!-- deleteTestDD -->
        <test-method signature="deleteTestDD(java.lang.String)[pri:3, instance:api.test.DataDrivenTest@30c15d8b]" started-at="2026-02-13T19:56:29 IST" name="deleteTestDD" data-provider="userName" finished-at="2026-02-13T19:56:31 IST" duration-ms="1476" status="PASS">
          <params>
            <param index="0">
              <value>
                <![CDATA[Murgesh]]>
              </value>
            </param>
          </params>
          <reporter-output>
          </reporter-output>
        </test-method> <!-- deleteTestDD -->
      </class> <!-- api.test.DataDrivenTest -->
    </test> <!-- Default test -->
  </suite> <!-- Default suite -->
</testng-results>
