<?xml version="1.0" encoding="UTF-8"?>
<testng-results ignored="0" total="4" passed="4" failed="0" skipped="0">
  <reporter-output>
  </reporter-output>
  <suite started-at="2026-01-19T11:54:34 IST" name="Suite" finished-at="2026-01-19T11:55:01 IST" duration-ms="27168">
    <groups>
    </groups>
    <test started-at="2026-01-19T11:54:34 IST" name="Test" finished-at="2026-01-19T11:55:01 IST" duration-ms="27168">
      <class name="api.test.TestUser">
        <test-method is-config="true" signature="setupdata()[pri:0, instance:api.test.TestUser@7eac9008]" started-at="2026-01-19T11:54:35 IST" name="setupdata" finished-at="2026-01-19T11:54:38 IST" duration-ms="2783" status="PASS">
          <reporter-output>
          </reporter-output>
        </test-method> <!-- setupdata -->
        <test-method signature="testPostUser()[pri:1, instance:api.test.TestUser@7eac9008]" started-at="2026-01-19T11:54:38 IST" name="testPostUser" finished-at="2026-01-19T11:54:50 IST" duration-ms="12210" status="PASS">
          <reporter-output>
          </reporter-output>
        </test-method> <!-- testPostUser -->
        <test-method signature="testGetUser()[pri:2, instance:api.test.TestUser@7eac9008]" started-at="2026-01-19T11:54:50 IST" name="testGetUser" finished-at="2026-01-19T11:54:54 IST" duration-ms="3464" status="PASS">
          <reporter-output>
          </reporter-output>
        </test-method> <!-- testGetUser -->
        <test-method signature="testPutUser()[pri:3, instance:api.test.TestUser@7eac9008]" started-at="2026-01-19T11:54:54 IST" name="testPutUser" finished-at="2026-01-19T11:54:59 IST" duration-ms="5047" status="PASS">
          <reporter-output>
          </reporter-output>
        </test-method> <!-- testPutUser -->
        <test-method signature="testDeleteUser()[pri:4, instance:api.test.TestUser@7eac9008]" started-at="2026-01-19T11:54:59 IST" name="testDeleteUser" finished-at="2026-01-19T11:55:01 IST" duration-ms="2007" status="PASS">
          <reporter-output>
          </reporter-output>
        </test-method> <!-- testDeleteUser -->
      </class> <!-- api.test.TestUser -->
    </test> <!-- Test -->
  </suite> <!-- Suite -->
</testng-results>
