<?xml version="1.0" encoding="UTF-8"?>
<!-- Generated by org.testng.reporters.JUnitReportReporter -->
<testsuite hostname="DESKTOP-1BE8FBH" failures="0" tests="4" name="api.test.TestUser" time="18.696" errors="0" timestamp="2026-02-09T17:09:01 IST" skipped="0">
  <testcase classname="api.test.TestUser" name="testPostUser" time="11.524"/>
  <testcase classname="api.test.TestUser" name="testGetUser" time="2.494"/>
  <testcase classname="api.test.TestUser" name="testPutUser" time="3.078"/>
  <testcase classname="api.test.TestUser" name="testDeleteUser" time="1.600"/>
</testsuite> <!-- api.test.TestUser -->
