<?xml version="1.0" encoding="UTF-8"?>
<!-- Generated by org.testng.reporters.JUnitReportReporter -->
<testsuite hostname="DESKTOP-1BE8FBH" failures="0" tests="4" name="api.test.TestUser" time="22.728" errors="0" timestamp="2026-01-19T11:55:04 IST" skipped="0">
  <testcase classname="api.test.TestUser" name="testPostUser" time="12.210"/>
  <testcase classname="api.test.TestUser" name="testGetUser" time="3.464"/>
  <testcase classname="api.test.TestUser" name="testPutUser" time="5.047"/>
  <testcase classname="api.test.TestUser" name="testDeleteUser" time="2.007"/>
</testsuite> <!-- api.test.TestUser -->
