<?xml version="1.0" encoding="UTF-8"?>
<!-- Generated by org.testng.reporters.JUnitReportReporter -->
<testsuite hostname="DESKTOP-1BE8FBH" failures="0" tests="4" name="api.test.TestUser" time="21.142" errors="0" timestamp="2026-01-24T17:23:10 IST" skipped="0">
  <testcase classname="api.test.TestUser" name="testPostUser" time="14.607"/>
  <testcase classname="api.test.TestUser" name="testGetUser" time="1.801"/>
  <testcase classname="api.test.TestUser" name="testPutUser" time="3.183"/>
  <testcase classname="api.test.TestUser" name="testDeleteUser" time="1.551"/>
</testsuite> <!-- api.test.TestUser -->
